<?xml version="1.0" encoding="UTF-8"?>
<!-- Generated by org.testng.reporters.JUnitXMLReporter -->
<testsuite ignored="0" hostname="Someshs-MacBook-Air.local" failures="0" tests="22" name="Test" time="20.815" errors="0" timestamp="2023-02-28T15:24:40 IST">
  <testcase classname="AutomationPractice.AutomationPractice" name="@BeforeMethod openBrowser" time="20.559">
    <failure type="org.openqa.selenium.WebDriverException" message="Timed out waiting for driver server to start.
Build info: version: &amp;apos;3.141.59&amp;apos;, revision: &amp;apos;e82be7d358&amp;apos;, time: &amp;apos;2018-11-14T08:17:03&amp;apos;
System info: host: &amp;apos;Someshs-MacBook-Air.local&amp;apos;, ip: &amp;apos;fe80:0:0:0:e3:c39b:9af1:6aa5%en0&amp;apos;, os.name: &amp;apos;Mac OS X&amp;apos;, os.arch: &amp;apos;x86_64&amp;apos;, os.version: &amp;apos;13.0.1&amp;apos;, java.version: &amp;apos;17.0.2&amp;apos;
Driver info: driver.version: ChromeDriver">
      <![CDATA[org.openqa.selenium.WebDriverException: Timed out waiting for driver server to start.
Build info: version: '3.141.59', revision: 'e82be7d358', time: '2018-11-14T08:17:03'
System info: host: 'Someshs-MacBook-Air.local', ip: 'fe80:0:0:0:e3:c39b:9af1:6aa5%en0', os.name: 'Mac OS X', os.arch: 'x86_64', os.version: '13.0.1', java.version: '17.0.2'
Driver info: driver.version: ChromeDriver
at org.openqa.selenium.remote.service.DriverService.waitUntilAvailable(DriverService.java:202)
at org.openqa.selenium.remote.service.DriverService.start(DriverService.java:188)
at org.openqa.selenium.remote.service.DriverCommandExecutor.execute(DriverCommandExecutor.java:79)
at org.openqa.selenium.remote.RemoteWebDriver.execute(RemoteWebDriver.java:552)
at org.openqa.selenium.remote.RemoteWebDriver.startSession(RemoteWebDriver.java:213)
at org.openqa.selenium.remote.RemoteWebDriver.<init>(RemoteWebDriver.java:131)
at org.openqa.selenium.chrome.ChromeDriver.<init>(ChromeDriver.java:181)
at org.openqa.selenium.chrome.ChromeDriver.<init>(ChromeDriver.java:168)
at org.openqa.selenium.chrome.ChromeDriver.<init>(ChromeDriver.java:123)
at AutomationPractice.AutomationPractice.openBrowser(AutomationPractice.java:24)
at java.base/java.util.ArrayList.forEach(ArrayList.java:1511)
Caused by: org.openqa.selenium.net.UrlChecker$TimeoutException: Timed out waiting for [http://localhost:7048/status] to be available after 20009 ms
at org.openqa.selenium.net.UrlChecker.waitUntilAvailable(UrlChecker.java:100)
at org.openqa.selenium.remote.service.DriverService.waitUntilAvailable(DriverService.java:197)
... 41 more
Caused by: java.util.concurrent.TimeoutException
at java.base/java.util.concurrent.FutureTask.get(FutureTask.java:204)
at com.google.common.util.concurrent.SimpleTimeLimiter.callWithTimeout(SimpleTimeLimiter.java:156)
at org.openqa.selenium.net.UrlChecker.waitUntilAvailable(UrlChecker.java:75)
... 42 more
... Removed 31 stack frames]]>
    </failure>
  </testcase> <!-- @BeforeMethod openBrowser -->
  <testcase classname="AutomationPractice.AutomationPractice" name="@BeforeMethod openBrowser" time="-1.677578080198E9">
    <skipped/>
  </testcase> <!-- @BeforeMethod openBrowser -->
  <testcase classname="AutomationPractice.AutomationPractice" name="@BeforeMethod openBrowser" time="-1.677578080232E9">
    <skipped/>
  </testcase> <!-- @BeforeMethod openBrowser -->
  <testcase classname="AutomationPractice.AutomationPractice" name="@BeforeMethod openBrowser" time="-1.677578080249E9">
    <skipped/>
  </testcase> <!-- @BeforeMethod openBrowser -->
  <testcase classname="AutomationPractice.AutomationPractice" name="@BeforeMethod openBrowser" time="-1.677578080264E9">
    <skipped/>
  </testcase> <!-- @BeforeMethod openBrowser -->
  <testcase classname="AutomationPractice.AutomationPractice" name="@BeforeMethod openBrowser" time="-1.677578080284E9">
    <skipped/>
  </testcase> <!-- @BeforeMethod openBrowser -->
  <testcase classname="AutomationPractice.AutomationPractice" name="@BeforeMethod openBrowser" time="-1.677578080292E9">
    <skipped/>
  </testcase> <!-- @BeforeMethod openBrowser -->
  <testcase classname="AutomationPractice.AutomationPractice" name="@BeforeMethod openBrowser" time="-1.6775780803E9">
    <skipped/>
  </testcase> <!-- @BeforeMethod openBrowser -->
  <testcase classname="AutomationPractice.AutomationPractice" name="@BeforeMethod openBrowser" time="-1.677578080303E9">
    <skipped/>
  </testcase> <!-- @BeforeMethod openBrowser -->
  <testcase classname="AutomationPractice.AutomationPractice" name="@BeforeMethod openBrowser" time="-1.677578080307E9">
    <skipped/>
  </testcase> <!-- @BeforeMethod openBrowser -->
  <testcase classname="AutomationPractice.AutomationPractice" name="@BeforeMethod openBrowser" time="-1.677578080313E9">
    <skipped/>
  </testcase> <!-- @BeforeMethod openBrowser -->
  <testcase classname="AutomationPractice.AutomationPractice" name="@BeforeMethod openBrowser" time="-1.677578080322E9">
    <skipped/>
  </testcase> <!-- @BeforeMethod openBrowser -->
  <testcase classname="AutomationPractice.AutomationPractice" name="@BeforeMethod openBrowser" time="-1.677578080326E9">
    <skipped/>
  </testcase> <!-- @BeforeMethod openBrowser -->
  <testcase classname="AutomationPractice.AutomationPractice" name="@BeforeMethod openBrowser" time="-1.677578080333E9">
    <skipped/>
  </testcase> <!-- @BeforeMethod openBrowser -->
  <testcase classname="AutomationPractice.AutomationPractice" name="@BeforeMethod openBrowser" time="-1.677578080337E9">
    <skipped/>
  </testcase> <!-- @BeforeMethod openBrowser -->
  <testcase classname="AutomationPractice.AutomationPractice" name="@BeforeMethod openBrowser" time="-1.67757808034E9">
    <skipped/>
  </testcase> <!-- @BeforeMethod openBrowser -->
  <testcase classname="AutomationPractice.AutomationPractice" name="@BeforeMethod openBrowser" time="-1.677578080342E9">
    <skipped/>
  </testcase> <!-- @BeforeMethod openBrowser -->
  <testcase classname="AutomationPractice.AutomationPractice" name="@BeforeMethod openBrowser" time="-1.677578080346E9">
    <skipped/>
  </testcase> <!-- @BeforeMethod openBrowser -->
  <testcase classname="AutomationPractice.AutomationPractice" name="@BeforeMethod openBrowser" time="-1.677578080348E9">
    <skipped/>
  </testcase> <!-- @BeforeMethod openBrowser -->
  <testcase classname="AutomationPractice.AutomationPractice" name="@BeforeMethod openBrowser" time="-1.677578080351E9">
    <skipped/>
  </testcase> <!-- @BeforeMethod openBrowser -->
  <testcase classname="AutomationPractice.AutomationPractice" name="@BeforeMethod openBrowser" time="-1.677578080354E9">
    <skipped/>
  </testcase> <!-- @BeforeMethod openBrowser -->
  <testcase classname="AutomationPractice.AutomationPractice" name="@BeforeMethod openBrowser" time="-1.677578080356E9">
    <skipped/>
  </testcase> <!-- @BeforeMethod openBrowser -->
  <testcase classname="AutomationPractice.AutomationPractice" name="Addfaculty" time="0.0">
    <skipped/>
  </testcase> <!-- Addfaculty -->
  <testcase classname="AutomationPractice.AutomationPractice" name="ErrorMsgForInvalidOTP" time="0.0">
    <skipped/>
  </testcase> <!-- ErrorMsgForInvalidOTP -->
  <testcase classname="AutomationPractice.AutomationPractice" name="addStudentManually" time="0.001">
    <skipped/>
  </testcase> <!-- addStudentManually -->
  <testcase classname="AutomationPractice.AutomationPractice" name="batchNameTextfield" time="0.0">
    <skipped/>
  </testcase> <!-- batchNameTextfield -->
  <testcase classname="AutomationPractice.AutomationPractice" name="createNewBatch" time="0.0">
    <skipped/>
  </testcase> <!-- createNewBatch -->
  <testcase classname="AutomationPractice.AutomationPractice" name="defaultBatchStartDate" time="0.0">
    <skipped/>
  </testcase> <!-- defaultBatchStartDate -->
  <testcase classname="AutomationPractice.AutomationPractice" name="fifteenSecondTimer" time="0.0">
    <skipped/>
  </testcase> <!-- fifteenSecondTimer -->
  <testcase classname="AutomationPractice.AutomationPractice" name="futureBatchStartDate" time="0.0">
    <skipped/>
  </testcase> <!-- futureBatchStartDate -->
  <testcase classname="AutomationPractice.AutomationPractice" name="goLiveNow" time="0.0">
    <skipped/>
  </testcase> <!-- goLiveNow -->
  <testcase classname="AutomationPractice.AutomationPractice" name="invalidBatchCode" time="0.0">
    <skipped/>
  </testcase> <!-- invalidBatchCode -->
  <testcase classname="AutomationPractice.AutomationPractice" name="lessThan10DigitMobileNumber" time="0.0">
    <skipped/>
  </testcase> <!-- lessThan10DigitMobileNumber -->
  <testcase classname="AutomationPractice.AutomationPractice" name="loginUI" time="0.0">
    <skipped/>
  </testcase> <!-- loginUI -->
  <testcase classname="AutomationPractice.AutomationPractice" name="previousBatchStartDate" time="0.0">
    <skipped/>
  </testcase> <!-- previousBatchStartDate -->
  <testcase classname="AutomationPractice.AutomationPractice" name="searchBatchInHindiLanguage" time="0.0">
    <skipped/>
  </testcase> <!-- searchBatchInHindiLanguage -->
  <testcase classname="AutomationPractice.AutomationPractice" name="searchBatchWithAlphabets" time="0.0">
    <skipped/>
  </testcase> <!-- searchBatchWithAlphabets -->
  <testcase classname="AutomationPractice.AutomationPractice" name="searchBatchWithDigits" time="0.0">
    <skipped/>
  </testcase> <!-- searchBatchWithDigits -->
  <testcase classname="AutomationPractice.AutomationPractice" name="searchBatchWithSpecialCharacters" time="0.0">
    <skipped/>
  </testcase> <!-- searchBatchWithSpecialCharacters -->
  <testcase classname="AutomationPractice.AutomationPractice" name="searchBatchWithWlphanumeric" time="0.0">
    <skipped/>
  </testcase> <!-- searchBatchWithWlphanumeric -->
  <testcase classname="AutomationPractice.AutomationPractice" name="sortUsingBatchName" time="0.0">
    <skipped/>
  </testcase> <!-- sortUsingBatchName -->
  <testcase classname="AutomationPractice.AutomationPractice" name="sortUsingRecentlyCreated" time="0.0">
    <skipped/>
  </testcase> <!-- sortUsingRecentlyCreated -->
  <testcase classname="AutomationPractice.AutomationPractice" name="verifybatchCount" time="0.0">
    <skipped/>
  </testcase> <!-- verifybatchCount -->
  <testcase classname="AutomationPractice.AutomationPractice" name="zeroBatchesFound" time="0.0">
    <skipped/>
  </testcase> <!-- zeroBatchesFound -->
</testsuite> <!-- Test -->
